user vboxadd has 995
password was changed  Feb 03, 2025 last time
user root has 0
user daemon has 1
user bin has 2
user sys has 3
user sync has 4
user games has 5
user man has 6
user lp has 7
user mail has 8
user news has 9
user uucp has 10
user proxy has 13
user www-data has 33
user backup has 34
user list has 38
user irc has 39
user _apt has 42
user nobody has 65534
user systemd-network has 998
user tss has 100
user systemd-timesync has 997
user messagebus has 101
user avahi-autoipd has 102
user usbmux has 103
user sshd has 104
user dnsmasq has 999
user avahi has 105
user speech-dispatcher has 106
user fwupd-refresh has 107
user saned has 108
user geoclue has 109
user polkitd has 996
user rtkit has 110
user colord has 111
user gnome-initial-setup has 112
user Debian-gdm has 113
user dimonlimon has 1000
user vboxadd has 995
password was changed  Feb 03, 2025 last time
user root has 0 id
user daemon has 1 id
user bin has 2 id
user sys has 3 id
user sync has 4 id
user games has 5 id
user man has 6 id
user lp has 7 id
user mail has 8 id
user news has 9 id
user uucp has 10 id
user proxy has 13 id
user www-data has 33 id
user backup has 34 id
user list has 38 id
user irc has 39 id
user _apt has 42 id
user nobody has 65534 id
user systemd-network has 998 id
user tss has 100 id
user systemd-timesync has 997 id
user messagebus has 101 id
user avahi-autoipd has 102 id
user usbmux has 103 id
user sshd has 104 id
user dnsmasq has 999 id
user avahi has 105 id
user speech-dispatcher has 106 id
user fwupd-refresh has 107 id
user saned has 108 id
user geoclue has 109 id
user polkitd has 996 id
user rtkit has 110 id
user colord has 111 id
user gnome-initial-setup has 112 id
user Debian-gdm has 113 id
user dimonlimon has 1000 id
user vboxadd has 995 id
password was changed  Feb 03, 2025 last time
user root has 0 id
user daemon has 1 id
user bin has 2 id
user sys has 3 id
user sync has 4 id
user games has 5 id
user man has 6 id
user lp has 7 id
user mail has 8 id
user news has 9 id
user uucp has 10 id
user proxy has 13 id
user www-data has 33 id
user backup has 34 id
user list has 38 id
user irc has 39 id
user _apt has 42 id
user nobody has 65534 id
user systemd-network has 998 id
user tss has 100 id
user systemd-timesync has 997 id
user messagebus has 101 id
user avahi-autoipd has 102 id
user usbmux has 103 id
user sshd has 104 id
user dnsmasq has 999 id
user avahi has 105 id
user speech-dispatcher has 106 id
user fwupd-refresh has 107 id
user saned has 108 id
user geoclue has 109 id
user polkitd has 996 id
user rtkit has 110 id
user colord has 111 id
user gnome-initial-setup has 112 id
user Debian-gdm has 113 id
user dimonlimon has 1000 id
user vboxadd has 995 id
password was changed  Feb 03, 2025 last time
groups: root
daemon
bin
sys
adm
tty
disk
lp
mail
news
uucp
man
proxy
kmem
dialout
fax
voice
cdrom
floppy
tape
sudo
audio
dip
www-data
backup
operator
list
irc
src
shadow
utmp
video
sasl
plugdev
staff
games
users
nogroup
systemd-journal
systemd-network
crontab
input
sgx
kvm
render
netdev
tss
systemd-timesync
messagebus
_ssh
ssl-cert
avahi-autoipd
bluetooth
avahi
lpadmin
pipewire
fwupd-refresh
scanner
saned
geoclue
polkitd
rtkit
colord
Debian-gdm
dimonlimon
gnome-initial-setup
vboxsf
vboxdrmipc
user root has 0 id
user daemon has 1 id
user bin has 2 id
user sys has 3 id
user sync has 4 id
user games has 5 id
user man has 6 id
user lp has 7 id
user mail has 8 id
user news has 9 id
user uucp has 10 id
user proxy has 13 id
user www-data has 33 id
user backup has 34 id
user list has 38 id
user irc has 39 id
user _apt has 42 id
user nobody has 65534 id
user systemd-network has 998 id
user tss has 100 id
user systemd-timesync has 997 id
user messagebus has 101 id
user avahi-autoipd has 102 id
user usbmux has 103 id
user sshd has 104 id
user dnsmasq has 999 id
user avahi has 105 id
user speech-dispatcher has 106 id
user fwupd-refresh has 107 id
user saned has 108 id
user geoclue has 109 id
user polkitd has 996 id
user rtkit has 110 id
user colord has 111 id
user gnome-initial-setup has 112 id
user Debian-gdm has 113 id
user dimonlimon has 1000 id
user vboxadd has 995 id
password was changed  Feb 03, 2025 last time
groups: root
daemon
bin
sys
adm
tty
disk
lp
mail
news
uucp
man
proxy
kmem
dialout
fax
voice
cdrom
floppy
tape
sudo
audio
dip
www-data
backup
operator
list
irc
src
shadow
utmp
video
sasl
plugdev
staff
games
users
nogroup
systemd-journal
systemd-network
crontab
input
sgx
kvm
render
netdev
tss
systemd-timesync
messagebus
_ssh
ssl-cert
avahi-autoipd
bluetooth
avahi
lpadmin
pipewire
fwupd-refresh
scanner
saned
geoclue
polkitd
rtkit
colord
Debian-gdm
dimonlimon
gnome-initial-setup
vboxsf
vboxdrmipc
user root has 0 id
user daemon has 1 id
user bin has 2 id
user sys has 3 id
user sync has 4 id
user games has 5 id
user man has 6 id
user lp has 7 id
user mail has 8 id
user news has 9 id
user uucp has 10 id
user proxy has 13 id
user www-data has 33 id
user backup has 34 id
user list has 38 id
user irc has 39 id
user _apt has 42 id
user nobody has 65534 id
user systemd-network has 998 id
user tss has 100 id
user systemd-timesync has 997 id
user messagebus has 101 id
user avahi-autoipd has 102 id
user usbmux has 103 id
user sshd has 104 id
user dnsmasq has 999 id
user avahi has 105 id
user speech-dispatcher has 106 id
user fwupd-refresh has 107 id
user saned has 108 id
user geoclue has 109 id
user polkitd has 996 id
user rtkit has 110 id
user colord has 111 id
user gnome-initial-setup has 112 id
user Debian-gdm has 113 id
user dimonlimon has 1000 id
user vboxadd has 995 id
password was changed  Feb 03, 2025 last time
groups:, root
daemon
bin
sys
adm
tty
disk
lp
mail
news
uucp
man
proxy
kmem
dialout
fax
voice
cdrom
floppy
tape
sudo
audio
dip
www-data
backup
operator
list
irc
src
shadow
utmp
video
sasl
plugdev
staff
games
users
nogroup
systemd-journal
systemd-network
crontab
input
sgx
kvm
render
netdev
tss
systemd-timesync
messagebus
_ssh
ssl-cert
avahi-autoipd
bluetooth
avahi
lpadmin
pipewire
fwupd-refresh
scanner
saned
geoclue
polkitd
rtkit
colord
Debian-gdm
dimonlimon
gnome-initial-setup
vboxsf
vboxdrmipc
user root has 0 id
user daemon has 1 id
user bin has 2 id
user sys has 3 id
user sync has 4 id
user games has 5 id
user man has 6 id
user lp has 7 id
user mail has 8 id
user news has 9 id
user uucp has 10 id
user proxy has 13 id
user www-data has 33 id
user backup has 34 id
user list has 38 id
user irc has 39 id
user _apt has 42 id
user nobody has 65534 id
user systemd-network has 998 id
user tss has 100 id
user systemd-timesync has 997 id
user messagebus has 101 id
user avahi-autoipd has 102 id
user usbmux has 103 id
user sshd has 104 id
user dnsmasq has 999 id
user avahi has 105 id
user speech-dispatcher has 106 id
user fwupd-refresh has 107 id
user saned has 108 id
user geoclue has 109 id
user polkitd has 996 id
user rtkit has 110 id
user colord has 111 id
user gnome-initial-setup has 112 id
user Debian-gdm has 113 id
user dimonlimon has 1000 id
user vboxadd has 995 id
password was changed  Feb 03, 2025 last time
groups: root
daemon
bin
sys
adm
tty
disk
lp
mail
news
uucp
man
proxy
kmem
dialout
fax
voice
cdrom
floppy
tape
sudo
audio
dip
www-data
backup
operator
list
irc
src
shadow
utmp
video
sasl
plugdev
staff
games
users
nogroup
systemd-journal
systemd-network
crontab
input
sgx
kvm
render
netdev
tss
systemd-timesync
messagebus
_ssh
ssl-cert
avahi-autoipd
bluetooth
avahi
lpadmin
pipewire
fwupd-refresh
scanner
saned
geoclue
polkitd
rtkit
colord
Debian-gdm
dimonlimon
gnome-initial-setup
vboxsf
vboxdrmipc
user root has 0 id
user daemon has 1 id
user bin has 2 id
user sys has 3 id
user sync has 4 id
user games has 5 id
user man has 6 id
user lp has 7 id
user mail has 8 id
user news has 9 id
user uucp has 10 id
user proxy has 13 id
user www-data has 33 id
user backup has 34 id
user list has 38 id
user irc has 39 id
user _apt has 42 id
user nobody has 65534 id
user systemd-network has 998 id
user tss has 100 id
user systemd-timesync has 997 id
user messagebus has 101 id
user avahi-autoipd has 102 id
user usbmux has 103 id
user sshd has 104 id
user dnsmasq has 999 id
user avahi has 105 id
user speech-dispatcher has 106 id
user fwupd-refresh has 107 id
user saned has 108 id
user geoclue has 109 id
user polkitd has 996 id
user rtkit has 110 id
user colord has 111 id
user gnome-initial-setup has 112 id
user Debian-gdm has 113 id
user dimonlimon has 1000 id
user vboxadd has 995 id
password was changed  Feb 03, 2025 last time
groups: root,daemon,bin,sys,adm,tty,disk,lp,mail,news,uucp,man,proxy,kmem,dialout,fax,voice,cdrom,floppy,tape,sudo,audio,dip,www-data,backup,operator,list,irc,src,shadow,utmp,video,sasl,plugdev,staff,games,users,nogroup,systemd-journal,systemd-network,crontab,input,sgx,kvm,render,netdev,tss,systemd-timesync,messagebus,_ssh,ssl-cert,avahi-autoipd,bluetooth,avahi,lpadmin,pipewire,fwupd-refresh,scanner,saned,geoclue,polkitd,rtkit,colord,Debian-gdm,dimonlimon,gnome-initial-setup,vboxsf,vboxdrmipc,user root has 0 id
user daemon has 1 id
user bin has 2 id
user sys has 3 id
user sync has 4 id
user games has 5 id
user man has 6 id
user lp has 7 id
user mail has 8 id
user news has 9 id
user uucp has 10 id
user proxy has 13 id
user www-data has 33 id
user backup has 34 id
user list has 38 id
user irc has 39 id
user _apt has 42 id
user nobody has 65534 id
user systemd-network has 998 id
user tss has 100 id
user systemd-timesync has 997 id
user messagebus has 101 id
user avahi-autoipd has 102 id
user usbmux has 103 id
user sshd has 104 id
user dnsmasq has 999 id
user avahi has 105 id
user speech-dispatcher has 106 id
user fwupd-refresh has 107 id
user saned has 108 id
user geoclue has 109 id
user polkitd has 996 id
user rtkit has 110 id
user colord has 111 id
user gnome-initial-setup has 112 id
user Debian-gdm has 113 id
user dimonlimon has 1000 id
user vboxadd has 995 id
password was changed  Feb 03, 2025 last time
user root has 0 id
user daemon has 1 id
user bin has 2 id
user sys has 3 id
user sync has 4 id
user games has 5 id
user man has 6 id
user lp has 7 id
user mail has 8 id
user news has 9 id
user uucp has 10 id
user proxy has 13 id
user www-data has 33 id
user backup has 34 id
user list has 38 id
user irc has 39 id
user _apt has 42 id
user nobody has 65534 id
user systemd-network has 998 id
user tss has 100 id
user systemd-timesync has 997 id
user messagebus has 101 id
user avahi-autoipd has 102 id
user usbmux has 103 id
user sshd has 104 id
user dnsmasq has 999 id
user avahi has 105 id
user speech-dispatcher has 106 id
user fwupd-refresh has 107 id
user saned has 108 id
user geoclue has 109 id
user polkitd has 996 id
user rtkit has 110 id
user colord has 111 id
user gnome-initial-setup has 112 id
user Debian-gdm has 113 id
user dimonlimon has 1000 id
user vboxadd has 995 id
password was changed  Feb 03, 2025 last time
user root has 0 id
user daemon has 1 id
user bin has 2 id
user sys has 3 id
user sync has 4 id
user games has 5 id
user man has 6 id
user lp has 7 id
user mail has 8 id
user news has 9 id
user uucp has 10 id
user proxy has 13 id
user www-data has 33 id
user backup has 34 id
user list has 38 id
user irc has 39 id
user _apt has 42 id
user nobody has 65534 id
user systemd-network has 998 id
user tss has 100 id
user systemd-timesync has 997 id
user messagebus has 101 id
user avahi-autoipd has 102 id
user usbmux has 103 id
user sshd has 104 id
user dnsmasq has 999 id
user avahi has 105 id
user speech-dispatcher has 106 id
user fwupd-refresh has 107 id
user saned has 108 id
user geoclue has 109 id
user polkitd has 996 id
user rtkit has 110 id
user colord has 111 id
user gnome-initial-setup has 112 id
user Debian-gdm has 113 id
user dimonlimon has 1000 id
user vboxadd has 995 id
password was changed  Feb 03, 2025 last time
user root has 0 id
user daemon has 1 id
user bin has 2 id
user sys has 3 id
user sync has 4 id
user games has 5 id
user man has 6 id
user lp has 7 id
user mail has 8 id
user news has 9 id
user uucp has 10 id
user proxy has 13 id
user www-data has 33 id
user backup has 34 id
user list has 38 id
user irc has 39 id
user _apt has 42 id
user nobody has 65534 id
user systemd-network has 998 id
user tss has 100 id
user systemd-timesync has 997 id
user messagebus has 101 id
user avahi-autoipd has 102 id
user usbmux has 103 id
user sshd has 104 id
user dnsmasq has 999 id
user avahi has 105 id
user speech-dispatcher has 106 id
user fwupd-refresh has 107 id
user saned has 108 id
user geoclue has 109 id
user polkitd has 996 id
user rtkit has 110 id
user colord has 111 id
user gnome-initial-setup has 112 id
user Debian-gdm has 113 id
user dimonlimon has 1000 id
user vboxadd has 995 id
password was changed  Feb 03, 2025 last time
user root has 0 id
user daemon has 1 id
user bin has 2 id
user sys has 3 id
user sync has 4 id
user games has 5 id
user man has 6 id
user lp has 7 id
user mail has 8 id
user news has 9 id
user uucp has 10 id
user proxy has 13 id
user www-data has 33 id
user backup has 34 id
user list has 38 id
user irc has 39 id
user _apt has 42 id
user nobody has 65534 id
user systemd-network has 998 id
user tss has 100 id
user systemd-timesync has 997 id
user messagebus has 101 id
user avahi-autoipd has 102 id
user usbmux has 103 id
user sshd has 104 id
user dnsmasq has 999 id
user avahi has 105 id
user speech-dispatcher has 106 id
user fwupd-refresh has 107 id
user saned has 108 id
user geoclue has 109 id
user polkitd has 996 id
user rtkit has 110 id
user colord has 111 id
user gnome-initial-setup has 112 id
user Debian-gdm has 113 id
user dimonlimon has 1000 id
user vboxadd has 995 id
password was changed  Feb 03, 2025 last time
user root has 0 id
user daemon has 1 id
user bin has 2 id
user sys has 3 id
user sync has 4 id
user games has 5 id
user man has 6 id
user lp has 7 id
user mail has 8 id
user news has 9 id
user uucp has 10 id
user proxy has 13 id
user www-data has 33 id
user backup has 34 id
user list has 38 id
user irc has 39 id
user _apt has 42 id
user nobody has 65534 id
user systemd-network has 998 id
user tss has 100 id
user systemd-timesync has 997 id
user messagebus has 101 id
user avahi-autoipd has 102 id
user usbmux has 103 id
user sshd has 104 id
user dnsmasq has 999 id
user avahi has 105 id
user speech-dispatcher has 106 id
user fwupd-refresh has 107 id
user saned has 108 id
user geoclue has 109 id
user polkitd has 996 id
user rtkit has 110 id
user colord has 111 id
user gnome-initial-setup has 112 id
user Debian-gdm has 113 id
user dimonlimon has 1000 id
user vboxadd has 995 id
password was changed  Feb 03, 2025 last time
groups: root,daemon,bin,sys,adm,tty,disk,lp,mail,news,uucp,man,proxy,kmem,dialout,fax,voice,cdrom,floppy,tape,sudo,audio,dip,www-data,backup,operator,list,irc,src,shadow,utmp,video,sasl,plugdev,staff,games,users,nogroup,systemd-journal,systemd-network,crontab,input,sgx,kvm,render,netdev,tss,systemd-timesync,messagebus,_ssh,ssl-cert,avahi-autoipd,bluetooth,avahi,lpadmin,pipewire,fwupd-refresh,scanner,saned,geoclue,polkitd,rtkit,colord,Debian-gdm,dimonlimon,gnome-initial-setup,vboxsf,vboxdrmipc, \n
user root has 0 id
user daemon has 1 id
user bin has 2 id
user sys has 3 id
user sync has 4 id
user games has 5 id
user man has 6 id
user lp has 7 id
user mail has 8 id
user news has 9 id
user uucp has 10 id
user proxy has 13 id
user www-data has 33 id
user backup has 34 id
user list has 38 id
user irc has 39 id
user _apt has 42 id
user nobody has 65534 id
user systemd-network has 998 id
user tss has 100 id
user systemd-timesync has 997 id
user messagebus has 101 id
user avahi-autoipd has 102 id
user usbmux has 103 id
user sshd has 104 id
user dnsmasq has 999 id
user avahi has 105 id
user speech-dispatcher has 106 id
user fwupd-refresh has 107 id
user saned has 108 id
user geoclue has 109 id
user polkitd has 996 id
user rtkit has 110 id
user colord has 111 id
user gnome-initial-setup has 112 id
user Debian-gdm has 113 id
user dimonlimon has 1000 id
user vboxadd has 995 id
password was changed  Feb 03, 2025 last time
groups: root,daemon,bin,sys,adm,tty,disk,lp,mail,news,uucp,man,proxy,kmem,dialout,fax,voice,cdrom,floppy,tape,sudo,audio,dip,www-data,backup,operator,list,irc,src,shadow,utmp,video,sasl,plugdev,staff,games,users,nogroup,systemd-journal,systemd-network,crontab,input,sgx,kvm,render,netdev,tss,systemd-timesync,messagebus,_ssh,ssl-cert,avahi-autoipd,bluetooth,avahi,lpadmin,pipewire,fwupd-refresh,scanner,saned,geoclue,polkitd,rtkit,colord,Debian-gdm,dimonlimon,gnome-initial-setup,vboxsf,vboxdrmipc,
user root has 0 id
user daemon has 1 id
user bin has 2 id
user sys has 3 id
user sync has 4 id
user games has 5 id
user man has 6 id
user lp has 7 id
user mail has 8 id
user news has 9 id
user uucp has 10 id
user proxy has 13 id
user www-data has 33 id
user backup has 34 id
user list has 38 id
user irc has 39 id
user _apt has 42 id
user nobody has 65534 id
user systemd-network has 998 id
user tss has 100 id
user systemd-timesync has 997 id
user messagebus has 101 id
user avahi-autoipd has 102 id
user usbmux has 103 id
user sshd has 104 id
user dnsmasq has 999 id
user avahi has 105 id
user speech-dispatcher has 106 id
user fwupd-refresh has 107 id
user saned has 108 id
user geoclue has 109 id
user polkitd has 996 id
user rtkit has 110 id
user colord has 111 id
user gnome-initial-setup has 112 id
user Debian-gdm has 113 id
user dimonlimon has 1000 id
user vboxadd has 995 id
password was changed  Feb 03, 2025 last time
groups: root,daemon,bin,sys,adm,tty,disk,lp,mail,news,uucp,man,proxy,kmem,dialout,fax,voice,cdrom,floppy,tape,sudo,audio,dip,www-data,backup,operator,list,irc,src,shadow,utmp,video,sasl,plugdev,staff,games,users,nogroup,systemd-journal,systemd-network,crontab,input,sgx,kvm,render,netdev,tss,systemd-timesync,messagebus,_ssh,ssl-cert,avahi-autoipd,bluetooth,avahi,lpadmin,pipewire,fwupd-refresh,scanner,saned,geoclue,polkitd,rtkit,colord,Debian-gdm,dimonlimon,gnome-initial-setup,vboxsf,vboxdrmipc,
user root has 0 id
user daemon has 1 id
user bin has 2 id
user sys has 3 id
user sync has 4 id
user games has 5 id
user man has 6 id
user lp has 7 id
user mail has 8 id
user news has 9 id
user uucp has 10 id
user proxy has 13 id
user www-data has 33 id
user backup has 34 id
user list has 38 id
user irc has 39 id
user _apt has 42 id
user nobody has 65534 id
user systemd-network has 998 id
user tss has 100 id
user systemd-timesync has 997 id
user messagebus has 101 id
user avahi-autoipd has 102 id
user usbmux has 103 id
user sshd has 104 id
user dnsmasq has 999 id
user avahi has 105 id
user speech-dispatcher has 106 id
user fwupd-refresh has 107 id
user saned has 108 id
user geoclue has 109 id
user polkitd has 996 id
user rtkit has 110 id
user colord has 111 id
user gnome-initial-setup has 112 id
user Debian-gdm has 113 id
user dimonlimon has 1000 id
user vboxadd has 995 id
user LOGIN has 1001 id
password was changed  Feb 03, 2025 last time
groups: root,daemon,bin,sys,adm,tty,disk,lp,mail,news,uucp,man,proxy,kmem,dialout,fax,voice,cdrom,floppy,tape,sudo,audio,dip,www-data,backup,operator,list,irc,src,shadow,utmp,video,sasl,plugdev,staff,games,users,nogroup,systemd-journal,systemd-network,crontab,input,sgx,kvm,render,netdev,tss,systemd-timesync,messagebus,_ssh,ssl-cert,avahi-autoipd,bluetooth,avahi,lpadmin,pipewire,fwupd-refresh,scanner,saned,geoclue,polkitd,rtkit,colord,Debian-gdm,dimonlimon,gnome-initial-setup,vboxsf,vboxdrmipc,LOGIN,
user root has 0 id
user daemon has 1 id
user bin has 2 id
user sys has 3 id
user sync has 4 id
user games has 5 id
user man has 6 id
user lp has 7 id
user mail has 8 id
user news has 9 id
user uucp has 10 id
user proxy has 13 id
user www-data has 33 id
user backup has 34 id
user list has 38 id
user irc has 39 id
user _apt has 42 id
user nobody has 65534 id
user systemd-network has 998 id
user tss has 100 id
user systemd-timesync has 997 id
user messagebus has 101 id
user avahi-autoipd has 102 id
user usbmux has 103 id
user sshd has 104 id
user dnsmasq has 999 id
user avahi has 105 id
user speech-dispatcher has 106 id
user fwupd-refresh has 107 id
user saned has 108 id
user geoclue has 109 id
user polkitd has 996 id
user rtkit has 110 id
user colord has 111 id
user gnome-initial-setup has 112 id
user Debian-gdm has 113 id
user dimonlimon has 1000 id
user vboxadd has 995 id
user LOGIN has 1001 id
user john has 1002 id
password was changed  Feb 03, 2025 last time
groups: root,daemon,bin,sys,adm,tty,disk,lp,mail,news,uucp,man,proxy,kmem,dialout,fax,voice,cdrom,floppy,tape,sudo,audio,dip,www-data,backup,operator,list,irc,src,shadow,utmp,video,sasl,plugdev,staff,games,users,nogroup,systemd-journal,systemd-network,crontab,input,sgx,kvm,render,netdev,tss,systemd-timesync,messagebus,_ssh,ssl-cert,avahi-autoipd,bluetooth,avahi,lpadmin,pipewire,fwupd-refresh,scanner,saned,geoclue,polkitd,rtkit,colord,Debian-gdm,dimonlimon,gnome-initial-setup,vboxsf,vboxdrmipc,LOGIN,john,
user root has 0 id
user daemon has 1 id
user bin has 2 id
user sys has 3 id
user sync has 4 id
user games has 5 id
user man has 6 id
user lp has 7 id
user mail has 8 id
user news has 9 id
user uucp has 10 id
user proxy has 13 id
user www-data has 33 id
user backup has 34 id
user list has 38 id
user irc has 39 id
user _apt has 42 id
user nobody has 65534 id
user systemd-network has 998 id
user tss has 100 id
user systemd-timesync has 997 id
user messagebus has 101 id
user avahi-autoipd has 102 id
user usbmux has 103 id
user sshd has 104 id
user dnsmasq has 999 id
user avahi has 105 id
user speech-dispatcher has 106 id
user fwupd-refresh has 107 id
user saned has 108 id
user geoclue has 109 id
user polkitd has 996 id
user rtkit has 110 id
user colord has 111 id
user gnome-initial-setup has 112 id
user Debian-gdm has 113 id
user dimonlimon has 1000 id
user vboxadd has 995 id
user LOGIN has 1001 id
user john has 1002 id
user u1 has 1003 id
password was changed  Feb 03, 2025 last time
groups: root,daemon,bin,sys,adm,tty,disk,lp,mail,news,uucp,man,proxy,kmem,dialout,fax,voice,cdrom,floppy,tape,sudo,audio,dip,www-data,backup,operator,list,irc,src,shadow,utmp,video,sasl,plugdev,staff,games,users,nogroup,systemd-journal,systemd-network,crontab,input,sgx,kvm,render,netdev,tss,systemd-timesync,messagebus,_ssh,ssl-cert,avahi-autoipd,bluetooth,avahi,lpadmin,pipewire,fwupd-refresh,scanner,saned,geoclue,polkitd,rtkit,colord,Debian-gdm,dimonlimon,gnome-initial-setup,vboxsf,vboxdrmipc,LOGIN,john,u1,test,
user root has 0 id
user daemon has 1 id
user bin has 2 id
user sys has 3 id
user sync has 4 id
user games has 5 id
user man has 6 id
user lp has 7 id
user mail has 8 id
user news has 9 id
user uucp has 10 id
user proxy has 13 id
user www-data has 33 id
user backup has 34 id
user list has 38 id
user irc has 39 id
user _apt has 42 id
user nobody has 65534 id
user systemd-network has 998 id
user tss has 100 id
user systemd-timesync has 997 id
user messagebus has 101 id
user avahi-autoipd has 102 id
user usbmux has 103 id
user sshd has 104 id
user dnsmasq has 999 id
user avahi has 105 id
user speech-dispatcher has 106 id
user fwupd-refresh has 107 id
user saned has 108 id
user geoclue has 109 id
user polkitd has 996 id
user rtkit has 110 id
user colord has 111 id
user gnome-initial-setup has 112 id
user Debian-gdm has 113 id
user dimonlimon has 1000 id
user vboxadd has 995 id
user LOGIN has 1001 id
user john has 1002 id
user u1 has 1003 id
password was changed  Feb 03, 2025 last time
groups: root,daemon,bin,sys,adm,tty,disk,lp,mail,news,uucp,man,proxy,kmem,dialout,fax,voice,cdrom,floppy,tape,sudo,audio,dip,www-data,backup,operator,list,irc,src,shadow,utmp,video,sasl,plugdev,staff,games,users,nogroup,systemd-journal,systemd-network,crontab,input,sgx,kvm,render,netdev,tss,systemd-timesync,messagebus,_ssh,ssl-cert,avahi-autoipd,bluetooth,avahi,lpadmin,pipewire,fwupd-refresh,scanner,saned,geoclue,polkitd,rtkit,colord,Debian-gdm,dimonlimon,gnome-initial-setup,vboxsf,vboxdrmipc,LOGIN,john,u1,test,
